This file contains any messages produced by compilers while
running configure, to aid debugging if configure makes a mistake.

It was created by configure, which was
generated by GNU Autoconf 2.69.  Invocation command line was

  $ ./configure 

## --------- ##
## Platform. ##
## --------- ##

hostname = Love
uname -m = x86_64
uname -r = 2.8.2(0.313/5/3)
uname -s = CYGWIN_NT-10.0
uname -v = 2017-07-12 10:58

/usr/bin/uname -p = unknown
/bin/uname -X     = unknown

/bin/arch              = x86_64
/usr/bin/arch -k       = unknown
/usr/convex/getsysinfo = unknown
/usr/bin/hostinfo      = unknown
/bin/machine           = unknown
/usr/bin/oslevel       = unknown
/bin/universe          = unknown

PATH: /usr/local/bin
PATH: /usr/bin
PATH: /cygdrive/c/Program Files (x86)/NVIDIA Corporation/PhysX/Common
PATH: /cygdrive/c/Program Files (x86)/Intel/iCLS Client
PATH: /cygdrive/c/Program Files/Intel/iCLS Client
PATH: /cygdrive/c/WINDOWS/system32
PATH: /cygdrive/c/WINDOWS
PATH: /cygdrive/c/WINDOWS/System32/Wbem
PATH: /cygdrive/c/WINDOWS/System32/WindowsPowerShell/v1.0
PATH: /cygdrive/c/Program Files/Intel/Intel(R) Management Engine Components/DAL
PATH: /cygdrive/c/Program Files/Intel/Intel(R) Management Engine Components/IPT
PATH: /cygdrive/c/Program Files (x86)/Intel/Intel(R) Management Engine Components/DAL
PATH: /cygdrive/c/Program Files (x86)/Intel/Intel(R) Management Engine Components/IPT
PATH: /cygdrive/c/Program Files (x86)/Intel/OpenCL SDK/3.0/bin/x86
PATH: /cygdrive/c/Program Files (x86)/Intel/OpenCL SDK/3.0/bin/x64
PATH: /cygdrive/c/Program Files/Western Digital/WD Boost
PATH: /cygdrive/c/Program Files/Sony/VAIO Improvement
PATH: /cygdrive/c/Program Files (x86)/Sony/VAIO BIOS Data Transfer Utility
PATH: /cygdrive/c/Program Files (x86)/Sony/VAIO Startup Setting Tool
PATH: /cygdrive/c/Program Files/Intel/WiFi/bin
PATH: /cygdrive/c/Program Files/Common Files/Intel/WirelessCommon
PATH: /cygdrive/c/Program Files/Git/cmd
PATH: /cygdrive/c/Program Files/TortoiseSVN/bin
PATH: /cygdrive/c/Program Files/CMake/bin
PATH: /cygdrive/c/Program Files/swigwin-3.0.10
PATH: /cygdrive/c/Program Files (x86)/Windows Kits/10/Windows Performance Toolkit
PATH: /cygdrive/c/Users/MoonKyungGi/Anaconda3
PATH: /cygdrive/c/Users/MoonKyungGi/Anaconda3/Scripts
PATH: /cygdrive/c/Users/MoonKyungGi/Anaconda3/Library/bin
PATH: /cygdrive/c/Program Files/Intel/WiFi/bin
PATH: /cygdrive/c/Program Files/Common Files/Intel/WirelessCommon
PATH: /cygdrive/c/Users/MoonKyungGi/AppData/Local/Microsoft/WindowsApps
PATH: /cygdrive/c/Program Files/Docker Toolbox
PATH: /usr/bin


## ----------- ##
## Core tests. ##
## ----------- ##

configure:1754: checking for a BSD-compatible install
configure:1822: result: /usr/bin/install -c
configure:1833: checking whether build environment is sane
configure:1883: result: yes
configure:2024: checking for a thread-safe mkdir -p
configure:2063: result: /usr/bin/mkdir -p
configure:2076: checking for gawk
configure:2092: found /usr/bin/gawk
configure:2103: result: gawk
configure:2114: checking whether make sets $(MAKE)
configure:2136: result: yes
configure:2242: checking for mecab-config
configure:2260: found /usr/local/bin/mecab-config
configure:2272: result: /usr/local/bin/mecab-config
configure:2480: creating ./config.status

## ---------------------- ##
## Running config.status. ##
## ---------------------- ##

This file was extended by config.status, which was
generated by GNU Autoconf 2.69.  Invocation command line was

  CONFIG_FILES    = 
  CONFIG_HEADERS  = 
  CONFIG_LINKS    = 
  CONFIG_COMMANDS = 
  $ ./config.status 

on Love

config.status:748: creating Makefile

## ---------------- ##
## Cache variables. ##
## ---------------- ##

ac_cv_env_build_alias_set=
ac_cv_env_build_alias_value=
ac_cv_env_host_alias_set=
ac_cv_env_host_alias_value=
ac_cv_env_target_alias_set=
ac_cv_env_target_alias_value=
ac_cv_path_MECAB_CONFIG=/usr/local/bin/mecab-config
ac_cv_path_install='/usr/bin/install -c'
ac_cv_path_mkdir=/usr/bin/mkdir
ac_cv_prog_AWK=gawk
ac_cv_prog_make_make_set=yes

## ----------------- ##
## Output variables. ##
## ----------------- ##

ACLOCAL='${SHELL} /cygdrive/c/work/mecab/mecab-ko-dic-2.0.1-20150920/missing --run aclocal-1.11'
AMTAR='$${TAR-tar}'
AUTOCONF='${SHELL} /cygdrive/c/work/mecab/mecab-ko-dic-2.0.1-20150920/missing --run autoconf'
AUTOHEADER='${SHELL} /cygdrive/c/work/mecab/mecab-ko-dic-2.0.1-20150920/missing --run autoheader'
AUTOMAKE='${SHELL} /cygdrive/c/work/mecab/mecab-ko-dic-2.0.1-20150920/missing --run automake-1.11'
AWK='gawk'
CHARSET='UTF-8'
CYGPATH_W='cygpath -w'
DEFS='-DPACKAGE_NAME=\"\" -DPACKAGE_TARNAME=\"\" -DPACKAGE_VERSION=\"\" -DPACKAGE_STRING=\"\" -DPACKAGE_BUGREPORT=\"\" -DPACKAGE_URL=\"\" -DPACKAGE=\"mecab-ko-dic\" -DVERSION=\"2.0.0\"'
ECHO_C=''
ECHO_N='-n'
ECHO_T=''
INSTALL_DATA='${INSTALL} -m 644'
INSTALL_PROGRAM='${INSTALL}'
INSTALL_SCRIPT='${INSTALL}'
INSTALL_STRIP_PROGRAM='$(install_sh) -c -s'
LIBOBJS=''
LIBS=''
LTLIBOBJS=''
MAKEINFO='${SHELL} /cygdrive/c/work/mecab/mecab-ko-dic-2.0.1-20150920/missing --run makeinfo'
MECAB_CONFIG='/usr/local/bin/mecab-config'
MECAB_DICDIR='/usr/local/lib/mecab/dic/mecab-ko-dic'
MECAB_DICT_INDEX='/usr/local/libexec/mecab/mecab-dict-index'
MECAB_GENDATA='model.bin matrix.bin char.bin sys.dic unk.dic'
MECAB_LEXICAL_DIC='CoinedWord.csv EC.csv EF.csv EP.csv ETM.csv ETN.csv Foreign.csv Group.csv Hanja.csv IC.csv Inflect.csv J.csv MAG.csv MAJ.csv MM.csv NNB.csv NNBC.csv NNG.csv NNP.csv NP.csv NR.csv NorthKorea.csv Person-actor.csv Person.csv Place-address.csv Place-station.csv Place.csv Preanalysis.csv Symbol.csv VA.csv VCN.csv VCP.csv VV.csv VX.csv Wikipedia.csv XPN.csv XR.csv XSA.csv XSN.csv XSV.csv'
MECAB_MECABRC='/usr/local/etc/mecabrc'
MECAB_PREDATA='char.def feature.def left-id.def matrix.def model.def pos-id.def rewrite.def right-id.def unk.def dicrc'
MKDIR_P='/usr/bin/mkdir -p'
PACKAGE='mecab-ko-dic'
PACKAGE_BUGREPORT=''
PACKAGE_NAME=''
PACKAGE_STRING=''
PACKAGE_TARNAME=''
PACKAGE_URL=''
PACKAGE_VERSION=''
PATH_SEPARATOR=':'
SET_MAKE=''
SHELL='/bin/sh'
STRIP=''
VERSION='2.0.0'
am__isrc=''
am__leading_dot='.'
am__tar='$${TAR-tar} chof - "$$tardir"'
am__untar='$${TAR-tar} xf -'
bindir='${exec_prefix}/bin'
build_alias=''
datadir='${datarootdir}'
datarootdir='${prefix}/share'
docdir='${datarootdir}/doc/${PACKAGE}'
dvidir='${docdir}'
exec_prefix='${prefix}'
host_alias=''
htmldir='${docdir}'
includedir='${prefix}/include'
infodir='${datarootdir}/info'
install_sh='${SHELL} /cygdrive/c/work/mecab/mecab-ko-dic-2.0.1-20150920/install-sh'
libdir='${exec_prefix}/lib'
libexecdir='${exec_prefix}/libexec'
localedir='${datarootdir}/locale'
localstatedir='${prefix}/var'
mandir='${datarootdir}/man'
mkdir_p='/usr/bin/mkdir -p'
oldincludedir='/usr/include'
pdfdir='${docdir}'
prefix='/usr/local'
program_transform_name='s,x,x,'
psdir='${docdir}'
sbindir='${exec_prefix}/sbin'
sharedstatedir='${prefix}/com'
sysconfdir='${prefix}/etc'
target_alias=''

## ----------- ##
## confdefs.h. ##
## ----------- ##

/* confdefs.h */
#define PACKAGE_NAME ""
#define PACKAGE_TARNAME ""
#define PACKAGE_VERSION ""
#define PACKAGE_STRING ""
#define PACKAGE_BUGREPORT ""
#define PACKAGE_URL ""
#define PACKAGE "mecab-ko-dic"
#define VERSION "2.0.0"

configure: exit 0
